::1 - POST /signup HTTP/1.1 400 40 - 37.720 ms
::1 - POST /signin HTTP/1.1 200 32 - 3.391 ms
::1 - POST /signup HTTP/1.1 400 40 - 33.649 ms
::1 - POST /signup HTTP/1.1 400 32 - 1.052 ms
::1 - POST /signup HTTP/1.1 200 17 - 14.940 ms
::1 - POST /signup HTTP/1.1 400 40 - 6.095 ms
::ffff:45.148.10.161 - GET / HTTP/1.1 200 52 - 9.392 ms
::ffff:94.102.49.65 - GET / HTTP/1.1 200 52 - 2.260 ms
::1 - POST /addFavorite HTTP/1.1 404 151 - 19.992 ms
::1 - POST /addFavorite HTTP/1.1 200 30 - 21.128 ms
::1 - POST /addFavorite HTTP/1.1 200 30 - 1.308 ms
::1 - POST /addFavorite HTTP/1.1 200 30 - 0.689 ms
::1 - POST /addFavorite HTTP/1.1 200 30 - 0.837 ms
::1 - POST /addFavorite HTTP/1.1 200 30 - 19.510 ms
::1 - GET /getFavorite HTTP/1.1 200 57 - 18.892 ms
::1 - POST /signin HTTP/1.1 400 30 - 7650.470 ms
::1 - POST /signup HTTP/1.1 200 17 - 1197.764 ms
::1 - POST /signin HTTP/1.1 200 32 - 1411.154 ms
::1 - GET /cool HTTP/1.1 200 21 - 2.122 ms
::1 - GET /cool HTTP/1.1 200 21 - 0.205 ms
::1 - GET /cool HTTP/1.1 200 21 - 0.199 ms
::1 - GET /cool HTTP/1.1 200 9 - 2.589 ms
::1 - GET /favicon.ico HTTP/1.1 404 150 - 1.245 ms
::1 - GET /cool HTTP/1.1 200 4 - 0.392 ms
